#
# A fatal error has been detected by the Java Runtime Environment:
#
#  Internal Error (c1_ValueType.cpp:134), pid=3256, tid=10868
#  Error: ShouldNotReachHere()
#
# JRE version: Java(TM) SE Runtime Environment (18.0.2.1+1) (build 18.0.2.1+1-1)
# Java VM: Java HotSpot(TM) 64-Bit Server VM (18.0.2.1+1-1, mixed mode, sharing, tiered, compressed oops, compressed class ptrs, g1 gc, windows-amd64)
# No core dump will be written. Minidumps are not enabled by default on client versions of Windows
#
# If you would like to submit a bug report, please visit:
#   https://bugreport.java.com/bugreport/crash.jsp
#

---------------  S U M M A R Y ------------

Command Line: -Dmaven.multiModuleProjectDirectory=F:\springboot-vue-demo-master\springboot-vue-demo-master\springboot -Djansi.passthrough=true -Dmaven.home=F:\idealIU-2023.1\IntelliJ IDEA 2023.1\plugins\maven\lib\maven3 -Dclassworlds.conf=F:\idealIU-2023.1\IntelliJ IDEA 2023.1\plugins\maven\lib\maven3\bin\m2.conf -Dmaven.ext.class.path=F:\idealIU-2023.1\IntelliJ IDEA 2023.1\plugins\maven\lib\maven-event-listener.jar -javaagent:F:\idealIU-2023.1\IntelliJ IDEA 2023.1\lib\idea_rt.jar=51589:F:\idealIU-2023.1\IntelliJ IDEA 2023.1\bin -Dfile.encoding=UTF-8 -Dsun.stdout.encoding=UTF-8 -Dsun.stderr.encoding=UTF-8 org.codehaus.classworlds.Launcher -Didea.version=2023.1 install

Host: AMD Ryzen 7 5800H with Radeon Graphics         , 16 cores, 15G,  Windows 11 , 64 bit Build 22000 (10.0.22000.1761)
Time: Wed Apr 26 23:30:34 2023  Windows 11 , 64 bit Build 22000 (10.0.22000.1761) elapsed time: 709.576158 seconds (0d 0h 11m 49s)

---------------  T H R E A D  ---------------

Current thread (0x0000024ebfc3e580):  JavaThread "C1 CompilerThread0" daemon [_thread_in_native, id=10868, stack(0x000000ec09200000,0x000000ec09300000)]


Current CompileTask:
C1: 709576 5024       3       java.util.HashSet::remove (20 bytes)

Stack: [0x000000ec09200000,0x000000ec09300000]
Native frames: (J=compiled Java code, j=interpreted, Vv=VM code, C=native code)
V  [jvm.dll+0x6993aa]
V  [jvm.dll+0x7f46dd]
V  [jvm.dll+0x7f5fee]
V  [jvm.dll+0x7f6657]
V  [jvm.dll+0x25ce7a]
V  [jvm.dll+0x25cdb3]
V  [jvm.dll+0x1a4a6b]
V  [jvm.dll+0x14d5ba]
V  [jvm.dll+0x154d79]
V  [jvm.dll+0x153074]
V  [jvm.dll+0x14ce26]
V  [jvm.dll+0x15ca96]
V  [jvm.dll+0x1484e0]
V  [jvm.dll+0x148840]
V  [jvm.dll+0x148b26]
V  [jvm.dll+0x147f9a]
V  [jvm.dll+0x149c81]
V  [jvm.dll+0x23ee0a]
V  [jvm.dll+0x23d0f5]
V  [jvm.dll+0x7a6dd1]
V  [jvm.dll+0x7a120a]
V  [jvm.dll+0x698255]
C  [ucrtbase.dll+0x26c0c]
C  [KERNEL32.DLL+0x15590]
C  [ntdll.dll+0x485b]


---------------  P R O C E S S  ---------------

Threads class SMR info:
_java_thread_list=0x0000024ec62de520, length=13, elements={
0x0000024e9c3074e0, 0x0000024ebfc0fb40, 0x0000024ebfc12f70, 0x0000024ebfc2ffb0,
0x0000024ebfc32870, 0x0000024ebfc338c0, 0x0000024ebfc34540, 0x0000024ebfc38840,
0x0000024ebfc3e580, 0x0000024ebfc3f9e0, 0x0000024ebfbf6650, 0x0000024ec45885f0,
0x0000024ec4588eb0
}

Java Threads: ( => current thread )
  0x0000024e9c3074e0 JavaThread "main" [_thread_in_vm, id=12680, stack(0x000000ec08400000,0x000000ec08500000)]
  0x0000024ebfc0fb40 JavaThread "Reference Handler" daemon [_thread_blocked, id=17272, stack(0x000000ec08b00000,0x000000ec08c00000)]
  0x0000024ebfc12f70 JavaThread "Finalizer" daemon [_thread_blocked, id=19348, stack(0x000000ec08c00000,0x000000ec08d00000)]
  0x0000024ebfc2ffb0 JavaThread "Signal Dispatcher" daemon [_thread_blocked, id=19668, stack(0x000000ec08d00000,0x000000ec08e00000)]
  0x0000024ebfc32870 JavaThread "Attach Listener" daemon [_thread_blocked, id=19616, stack(0x000000ec08e00000,0x000000ec08f00000)]
  0x0000024ebfc338c0 JavaThread "Service Thread" daemon [_thread_blocked, id=15280, stack(0x000000ec08f00000,0x000000ec09000000)]
  0x0000024ebfc34540 JavaThread "Monitor Deflation Thread" daemon [_thread_blocked, id=13712, stack(0x000000ec09000000,0x000000ec09100000)]
  0x0000024ebfc38840 JavaThread "C2 CompilerThread0" daemon [_thread_blocked, id=15960, stack(0x000000ec09100000,0x000000ec09200000)]
=>0x0000024ebfc3e580 JavaThread "C1 CompilerThread0" daemon [_thread_in_native, id=10868, stack(0x000000ec09200000,0x000000ec09300000)]
  0x0000024ebfc3f9e0 JavaThread "Sweeper thread" daemon [_thread_blocked, id=2036, stack(0x000000ec09300000,0x000000ec09400000)]
  0x0000024ebfbf6650 JavaThread "Common-Cleaner" daemon [_thread_blocked, id=18568, stack(0x000000ec09400000,0x000000ec09500000)]
  0x0000024ec45885f0 JavaThread "Monitor Ctrl-Break" daemon [_thread_in_native, id=2676, stack(0x000000ec09800000,0x000000ec09900000)]
  0x0000024ec4588eb0 JavaThread "Notification Thread" daemon [_thread_blocked, id=1512, stack(0x000000ec09900000,0x000000ec09a00000)]

Other Threads:
  0x0000024ebfc0a030 VMThread "VM Thread" [stack: 0x000000ec08a00000,0x000000ec08b00000] [id=18976]
  0x0000024ec458dc60 WatcherThread "VM Periodic Task Thread" [stack: 0x000000ec09a00000,0x000000ec09b00000] [id=3768]
  0x0000024e9c37a810 WorkerThread "GC Thread#0" [stack: 0x000000ec08500000,0x000000ec08600000] [id=19092]
  0x0000024ec59ac4c0 WorkerThread "GC Thread#1" [stack: 0x000000ec0a100000,0x000000ec0a200000] [id=3336]
  0x0000024ec50a6700 WorkerThread "GC Thread#2" [stack: 0x000000ec0a200000,0x000000ec0a300000] [id=1292]
  0x0000024ec51ade60 WorkerThread "GC Thread#3" [stack: 0x000000ec0a300000,0x000000ec0a400000] [id=11840]
  0x0000024ec51ae100 WorkerThread "GC Thread#4" [stack: 0x000000ec0a400000,0x000000ec0a500000] [id=6328]
  0x0000024ec5305ea0 WorkerThread "GC Thread#5" [stack: 0x000000ec0a500000,0x000000ec0a600000] [id=15040]
  0x0000024ec52c7eb0 WorkerThread "GC Thread#6" [stack: 0x000000ec0a600000,0x000000ec0a700000] [id=12888]
  0x0000024ec52c8e70 WorkerThread "GC Thread#7" [stack: 0x000000ec0a700000,0x000000ec0a800000] [id=19192]
  0x0000024ec52c8150 WorkerThread "GC Thread#8" [stack: 0x000000ec0a000000,0x000000ec0a100000] [id=6176]
  0x0000024ec52c8bd0 WorkerThread "GC Thread#9" [stack: 0x000000ec0a800000,0x000000ec0a900000] [id=11984]
  0x0000024ec52c83f0 WorkerThread "GC Thread#10" [stack: 0x000000ec0a900000,0x000000ec0aa00000] [id=16260]
  0x0000024ec5e81050 WorkerThread "GC Thread#11" [stack: 0x000000ec09b00000,0x000000ec09c00000] [id=5924]
  0x0000024ec5e7eb90 WorkerThread "GC Thread#12" [stack: 0x000000ec09c00000,0x000000ec09d00000] [id=5292]
  0x0000024e9c38ad30 ConcurrentGCThread "G1 Main Marker" [stack: 0x000000ec08600000,0x000000ec08700000] [id=8156]
  0x0000024e9c38cff0 WorkerThread "G1 Conc#0" [stack: 0x000000ec08700000,0x000000ec08800000] [id=16568]
  0x0000024ec5e812f0 WorkerThread "G1 Conc#1" [stack: 0x000000ec09d00000,0x000000ec09e00000] [id=13596]
  0x0000024ec5e805d0 WorkerThread "G1 Conc#2" [stack: 0x000000ec09e00000,0x000000ec09f00000] [id=8052]
  0x0000024e9c3aecd0 ConcurrentGCThread "G1 Refine#0" [stack: 0x000000ec08800000,0x000000ec08900000] [id=13652]
  0x0000024ebfac3e20 ConcurrentGCThread "G1 Service" [stack: 0x000000ec08900000,0x000000ec08a00000] [id=15800]

Threads with active compile tasks:
C1 CompilerThread0   709637 5024       3       java.util.HashSet::remove (20 bytes)

VM state: not at safepoint (normal execution)

VM Mutex/Monitor currently owned by a thread: None

Heap address: 0x0000000709800000, size: 3944 MB, Compressed Oops mode: Zero based, Oop shift amount: 3

CDS archive(s) mapped at: [0x0000000800000000-0x0000000800ba0000-0x0000000800ba0000), size 12189696, SharedBaseAddress: 0x0000000800000000, ArchiveRelocationMode: 0.
Compressed class space mapped at: 0x0000000800c00000-0x0000000840c00000, reserved size: 1073741824
Narrow klass base: 0x0000000800000000, Narrow klass shift: 0, Narrow klass range: 0x100000000

GC Precious Log:
 CardTable entry size: 512
 Card Set container configuration: InlinePtr #cards 4 size 8 Array Of Cards #cards 16 size 48 Howl #buckets 8 coarsen threshold 3686 Howl Bitmap #cards 512 size 80 coarsen threshold 460 Card regions per heap region 1 cards per card region 4096
 CPUs: 16 total, 16 available
 Memory: 15773M
 Large Page Support: Disabled
 NUMA Support: Disabled
 Compressed Oops: Enabled (Zero based)
 Heap Region Size: 2M
 Heap Min Capacity: 8M
 Heap Initial Capacity: 248M
 Heap Max Capacity: 3944M
 Pre-touch: Disabled
 Parallel Workers: 13
 Concurrent Workers: 3
 Concurrent Refinement Workers: 13
 Periodic GC: Disabled

Heap:
 garbage-first heap   total 81920K, used 26870K [0x0000000709800000, 0x0000000800000000)
  region size 2048K, 13 young (26624K), 9 survivors (18432K)
 Metaspace       used 22111K, committed 22400K, reserved 1114112K
  class space    used 2420K, committed 2560K, reserved 1048576K

Heap Regions: E=young(eden), S=young(survivor), O=old, HS=humongous(starts), HC=humongous(continues), CS=collection set, F=free, OA=open archive, CA=closed archive, TAMS=top-at-mark-start (previous, next)
|   0|0x0000000709800000, 0x0000000709a00000, 0x0000000709a00000|100%| O|  |TAMS 0x0000000709a00000, 0x0000000709800000| Untracked 
|   1|0x0000000709a00000, 0x0000000709bbb600, 0x0000000709c00000| 86%| O|  |TAMS 0x0000000709bbb600, 0x0000000709a00000| Complete 
|   2|0x0000000709c00000, 0x0000000709c00000, 0x0000000709e00000|  0%| F|  |TAMS 0x0000000709c00000, 0x0000000709c00000| Untracked 
|   3|0x0000000709e00000, 0x0000000709e00000, 0x000000070a000000|  0%| F|  |TAMS 0x0000000709e00000, 0x0000000709e00000| Untracked 
|   4|0x000000070a000000, 0x000000070a000000, 0x000000070a200000|  0%| F|  |TAMS 0x000000070a000000, 0x000000070a000000| Untracked 
|   5|0x000000070a200000, 0x000000070a200000, 0x000000070a400000|  0%| F|  |TAMS 0x000000070a200000, 0x000000070a200000| Untracked 
|   6|0x000000070a400000, 0x000000070a400000, 0x000000070a600000|  0%| F|  |TAMS 0x000000070a400000, 0x000000070a400000| Untracked 
|   7|0x000000070a600000, 0x000000070a600000, 0x000000070a800000|  0%| F|  |TAMS 0x000000070a600000, 0x000000070a600000| Untracked 
|   8|0x000000070a800000, 0x000000070a800000, 0x000000070aa00000|  0%| F|  |TAMS 0x000000070a800000, 0x000000070a800000| Untracked 
|   9|0x000000070aa00000, 0x000000070aa00000, 0x000000070ac00000|  0%| F|  |TAMS 0x000000070aa00000, 0x000000070aa00000| Untracked 
|  10|0x000000070ac00000, 0x000000070ac00000, 0x000000070ae00000|  0%| F|  |TAMS 0x000000070ac00000, 0x000000070ac00000| Untracked 
|  11|0x000000070ae00000, 0x000000070ae00000, 0x000000070b000000|  0%| F|  |TAMS 0x000000070ae00000, 0x000000070ae00000| Untracked 
|  12|0x000000070b000000, 0x000000070b000000, 0x000000070b200000|  0%| F|  |TAMS 0x000000070b000000, 0x000000070b000000| Untracked 
|  13|0x000000070b200000, 0x000000070b200000, 0x000000070b400000|  0%| F|  |TAMS 0x000000070b200000, 0x000000070b200000| Untracked 
|  14|0x000000070b400000, 0x000000070b400000, 0x000000070b600000|  0%| F|  |TAMS 0x000000070b400000, 0x000000070b400000| Untracked 
|  15|0x000000070b600000, 0x000000070b600000, 0x000000070b800000|  0%| F|  |TAMS 0x000000070b600000, 0x000000070b600000| Untracked 
|  16|0x000000070b800000, 0x000000070b800000, 0x000000070ba00000|  0%| F|  |TAMS 0x000000070b800000, 0x000000070b800000| Untracked 
|  17|0x000000070ba00000, 0x000000070ba00000, 0x000000070bc00000|  0%| F|  |TAMS 0x000000070ba00000, 0x000000070ba00000| Untracked 
|  18|0x000000070bc00000, 0x000000070bc00000, 0x000000070be00000|  0%| F|  |TAMS 0x000000070bc00000, 0x000000070bc00000| Untracked 
|  19|0x000000070be00000, 0x000000070be00000, 0x000000070c000000|  0%| F|  |TAMS 0x000000070be00000, 0x000000070be00000| Untracked 
|  20|0x000000070c000000, 0x000000070c000000, 0x000000070c200000|  0%| F|  |TAMS 0x000000070c000000, 0x000000070c000000| Untracked 
|  21|0x000000070c200000, 0x000000070c200000, 0x000000070c400000|  0%| F|  |TAMS 0x000000070c200000, 0x000000070c200000| Untracked 
|  22|0x000000070c400000, 0x000000070c400000, 0x000000070c600000|  0%| F|  |TAMS 0x000000070c400000, 0x000000070c400000| Untracked 
|  23|0x000000070c600000, 0x000000070c600000, 0x000000070c800000|  0%| F|  |TAMS 0x000000070c600000, 0x000000070c600000| Untracked 
|  24|0x000000070c800000, 0x000000070c800000, 0x000000070ca00000|  0%| F|  |TAMS 0x000000070c800000, 0x000000070c800000| Untracked 
|  25|0x000000070ca00000, 0x000000070ca00000, 0x000000070cc00000|  0%| F|  |TAMS 0x000000070ca00000, 0x000000070ca00000| Untracked 
|  26|0x000000070cc00000, 0x000000070cc00000, 0x000000070ce00000|  0%| F|  |TAMS 0x000000070cc00000, 0x000000070cc00000| Untracked 
|  27|0x000000070ce00000, 0x000000070cf04020, 0x000000070d000000| 50%| E|  |TAMS 0x000000070ce00000, 0x000000070ce00000| Complete 
|  28|0x000000070d000000, 0x000000070d200000, 0x000000070d200000|100%| E|CS|TAMS 0x000000070d000000, 0x000000070d000000| Complete 
|  29|0x000000070d200000, 0x000000070d400000, 0x000000070d400000|100%| E|CS|TAMS 0x000000070d200000, 0x000000070d200000| Complete 
|  51|0x000000070fe00000, 0x000000070fe825c0, 0x0000000710000000| 25%| S|CS|TAMS 0x000000070fe00000, 0x000000070fe00000| Complete 
|  52|0x0000000710000000, 0x0000000710200000, 0x0000000710200000|100%| S|CS|TAMS 0x0000000710000000, 0x0000000710000000| Complete 
|  53|0x0000000710200000, 0x0000000710400000, 0x0000000710400000|100%| S|CS|TAMS 0x0000000710200000, 0x0000000710200000| Complete 
|  54|0x0000000710400000, 0x0000000710600000, 0x0000000710600000|100%| S|CS|TAMS 0x0000000710400000, 0x0000000710400000| Complete 
|  55|0x0000000710600000, 0x0000000710800000, 0x0000000710800000|100%| S|CS|TAMS 0x0000000710600000, 0x0000000710600000| Complete 
|  56|0x0000000710800000, 0x0000000710a00000, 0x0000000710a00000|100%| S|CS|TAMS 0x0000000710800000, 0x0000000710800000| Complete 
|  57|0x0000000710a00000, 0x0000000710c00000, 0x0000000710c00000|100%| S|CS|TAMS 0x0000000710a00000, 0x0000000710a00000| Complete 
|  58|0x0000000710c00000, 0x0000000710e00000, 0x0000000710e00000|100%| S|CS|TAMS 0x0000000710c00000, 0x0000000710c00000| Complete 
|  59|0x0000000710e00000, 0x0000000711000000, 0x0000000711000000|100%| S|CS|TAMS 0x0000000710e00000, 0x0000000710e00000| Complete 
| 123|0x0000000718e00000, 0x0000000719000000, 0x0000000719000000|100%| E|CS|TAMS 0x0000000718e00000, 0x0000000718e00000| Complete 

Card table byte_map: [0x0000024eb4790000,0x0000024eb4f50000] _byte_map_base: 0x0000024eb0f44000

Marking Bits (Prev, Next): (CMBitMap*) 0x0000024e9c37ac60, (CMBitMap*) 0x0000024e9c37ac20
 Prev Bits: [0x0000024eb94b0000, 0x0000024ebd250000)
 Next Bits: [0x0000024eb5710000, 0x0000024eb94b0000)

Polling page: 0x0000024e9aaf0000

Metaspace:

Usage:
  Non-class:     19.23 MB used.
      Class:      2.36 MB used.
       Both:     21.59 MB used.

Virtual space:
  Non-class space:       64.00 MB reserved,      19.38 MB ( 30%) committed,  1 nodes.
      Class space:        1.00 GB reserved,       2.50 MB ( <1%) committed,  1 nodes.
             Both:        1.06 GB reserved,      21.88 MB (  2%) committed. 

Chunk freelists:
   Non-Class:  336.00 KB
       Class:  1.50 MB
        Both:  1.83 MB

MaxMetaspaceSize: unlimited
CompressedClassSpaceSize: 1.00 GB
Initial GC threshold: 21.00 MB
Current GC threshold: 35.25 MB
CDS: on
MetaspaceReclaimPolicy: balanced
 - commit_granule_bytes: 65536.
 - commit_granule_words: 8192.
 - virtual_space_node_default_size: 8388608.
 - enlarge_chunks_in_place: 1.
 - new_chunks_are_fully_committed: 0.
 - uncommit_free_chunks: 1.
 - use_allocation_guard: 0.


Internal statistics:

num_allocs_failed_limit: 3.
num_arena_births: 262.
num_arena_deaths: 0.
num_vsnodes_births: 2.
num_vsnodes_deaths: 0.
num_space_committed: 350.
num_space_uncommitted: 0.
num_chunks_returned_to_freelist: 3.
num_chunks_taken_from_freelist: 827.
num_chunk_merges: 0.
num_chunk_splits: 579.
num_chunks_enlarged: 440.
num_inconsistent_stats: 0.

CodeHeap 'non-profiled nmethods': size=119168Kb used=2658Kb max_used=2658Kb free=116509Kb
 bounds [0x0000024eabbc0000, 0x0000024eabe60000, 0x0000024eb3020000]
CodeHeap 'profiled nmethods': size=119104Kb used=10782Kb max_used=10782Kb free=108321Kb
 bounds [0x0000024ea4770000, 0x0000024ea5200000, 0x0000024eabbc0000]
CodeHeap 'non-nmethods': size=7488Kb used=1250Kb max_used=2961Kb free=6237Kb
 bounds [0x0000024ea4020000, 0x0000024ea4310000, 0x0000024ea4770000]
 total_blobs=5566 nmethods=5023 adapters=455
 compilation: enabled
              stopped_count=0, restarted_count=0
 full_count=0

Compilation events (20 events):
Event: 386.957 Thread 0x0000024ebfc3e580 nmethod 5013 0x0000024ea51ec490 code [0x0000024ea51ec700, 0x0000024ea51ed018]
Event: 386.957 Thread 0x0000024ebfc3e580 5014       3       com.sun.crypto.provider.GHASH::update (9 bytes)
Event: 386.957 Thread 0x0000024ebfc3e580 nmethod 5014 0x0000024ea51ed390 code [0x0000024ea51ed540, 0x0000024ea51ed688]
Event: 386.957 Thread 0x0000024ebfc3e580 5015       3       com.sun.crypto.provider.GCTR::<init> (69 bytes)
Event: 386.957 Thread 0x0000024ebfc3e580 nmethod 5015 0x0000024ea51ed790 code [0x0000024ea51eda20, 0x0000024ea51ee3e8]
Event: 386.957 Thread 0x0000024ebfc3e580 5016       3       com.sun.crypto.provider.CounterMode::<init> (41 bytes)
Event: 386.958 Thread 0x0000024ebfc3e580 nmethod 5016 0x0000024ea51ee790 code [0x0000024ea51ee960, 0x0000024ea51eeee8]
Event: 386.958 Thread 0x0000024ebfc3e580 5017       3       com.sun.crypto.provider.CounterMode::reset (26 bytes)
Event: 386.958 Thread 0x0000024ebfc3e580 nmethod 5017 0x0000024ea51ef090 code [0x0000024ea51ef240, 0x0000024ea51ef428]
Event: 392.956 Thread 0x0000024ebfc3e580 5019       3       com.sun.crypto.provider.GaloisCounterMode$GCMDecrypt::doFinal (543 bytes)
Event: 392.958 Thread 0x0000024ebfc3e580 nmethod 5019 0x0000024ea51ef510 code [0x0000024ea51efbc0, 0x0000024ea51f3828]
Event: 392.958 Thread 0x0000024ebfc3e580 5020       3       java.nio.ByteBuffer::put (124 bytes)
Event: 392.958 Thread 0x0000024ebfc3e580 nmethod 5020 0x0000024ea51f4d90 code [0x0000024ea51f4fc0, 0x0000024ea51f5808]
Event: 392.958 Thread 0x0000024ebfc3e580 5021   !   3       java.nio.ByteBuffer::putBuffer (142 bytes)
Event: 392.959 Thread 0x0000024ebfc3e580 nmethod 5021 0x0000024ea51f5a90 code [0x0000024ea51f5d40, 0x0000024ea51f6b78]
Event: 420.083 Thread 0x0000024ebfc38840 5022       4       java.util.concurrent.locks.ReentrantLock$Sync::tryRelease (51 bytes)
Event: 420.084 Thread 0x0000024ebfc38840 nmethod 5022 0x0000024eabe58790 code [0x0000024eabe58900, 0x0000024eabe58a38]
Event: 697.279 Thread 0x0000024ebfc3e580 5023       3       com.sun.crypto.provider.GaloisCounterMode::increment32 (32 bytes)
Event: 697.279 Thread 0x0000024ebfc3e580 nmethod 5023 0x0000024ea51f7390 code [0x0000024ea51f7540, 0x0000024ea51f7758]
Event: 709.571 Thread 0x0000024ebfc3e580 5024       3       java.util.HashSet::remove (20 bytes)

GC Heap History (6 events):
Event: 0.557 GC heap before
{Heap before GC invocations=0 (full 0):
 garbage-first heap   total 253952K, used 22528K [0x0000000709800000, 0x0000000800000000)
  region size 2048K, 11 young (22528K), 0 survivors (0K)
 Metaspace       used 5726K, committed 5888K, reserved 1114112K
  class space    used 644K, committed 704K, reserved 1048576K
}
Event: 0.561 GC heap after
{Heap after GC invocations=1 (full 0):
 garbage-first heap   total 253952K, used 4117K [0x0000000709800000, 0x0000000800000000)
  region size 2048K, 2 young (4096K), 2 survivors (4096K)
 Metaspace       used 5726K, committed 5888K, reserved 1114112K
  class space    used 644K, committed 704K, reserved 1048576K
}
Event: 0.909 GC heap before
{Heap before GC invocations=1 (full 0):
 garbage-first heap   total 253952K, used 32789K [0x0000000709800000, 0x0000000800000000)
  region size 2048K, 16 young (32768K), 2 survivors (4096K)
 Metaspace       used 10292K, committed 10496K, reserved 1114112K
  class space    used 1215K, committed 1344K, reserved 1048576K
}
Event: 0.912 GC heap after
{Heap after GC invocations=2 (full 0):
 garbage-first heap   total 253952K, used 6135K [0x0000000709800000, 0x0000000800000000)
  region size 2048K, 2 young (4096K), 2 survivors (4096K)
 Metaspace       used 10292K, committed 10496K, reserved 1114112K
  class space    used 1215K, committed 1344K, reserved 1048576K
}
Event: 3.153 GC heap before
{Heap before GC invocations=2 (full 0):
 garbage-first heap   total 253952K, used 131063K [0x0000000709800000, 0x0000000800000000)
  region size 2048K, 64 young (131072K), 2 survivors (4096K)
 Metaspace       used 21191K, committed 21504K, reserved 1114112K
  class space    used 2324K, committed 2496K, reserved 1048576K
}
Event: 3.164 GC heap after
{Heap after GC invocations=3 (full 0):
 garbage-first heap   total 253952K, used 20726K [0x0000000709800000, 0x0000000800000000)
  region size 2048K, 9 young (18432K), 9 survivors (18432K)
 Metaspace       used 21191K, committed 21504K, reserved 1114112K
  class space    used 2324K, committed 2496K, reserved 1048576K
}

Deoptimization events (20 events):
Event: 6.154 Thread 0x0000024e9c3074e0 DEOPT PACKING pc=0x0000024ea516ccbe sp=0x000000ec084fc860
Event: 6.154 Thread 0x0000024e9c3074e0 DEOPT UNPACKING pc=0x0000024ea4072b43 sp=0x000000ec084fbc90 mode 0
Event: 6.154 Thread 0x0000024e9c3074e0 DEOPT PACKING pc=0x0000024ea516ccbe sp=0x000000ec084fcad0
Event: 6.154 Thread 0x0000024e9c3074e0 DEOPT UNPACKING pc=0x0000024ea4072b43 sp=0x000000ec084fbf00 mode 0
Event: 6.939 Thread 0x0000024e9c3074e0 DEOPT PACKING pc=0x0000024ea5172cf2 sp=0x000000ec084fd090
Event: 6.939 Thread 0x0000024e9c3074e0 DEOPT UNPACKING pc=0x0000024ea4072b43 sp=0x000000ec084fc508 mode 0
Event: 6.939 Thread 0x0000024e9c3074e0 DEOPT PACKING pc=0x0000024ea5172cf2 sp=0x000000ec084fd090
Event: 6.939 Thread 0x0000024e9c3074e0 DEOPT UNPACKING pc=0x0000024ea4072b43 sp=0x000000ec084fc508 mode 0
Event: 6.939 Thread 0x0000024e9c3074e0 DEOPT PACKING pc=0x0000024ea5172cf2 sp=0x000000ec084fd090
Event: 6.939 Thread 0x0000024e9c3074e0 DEOPT UNPACKING pc=0x0000024ea4072b43 sp=0x000000ec084fc508 mode 0
Event: 6.939 Thread 0x0000024e9c3074e0 DEOPT PACKING pc=0x0000024ea5172cf2 sp=0x000000ec084fd090
Event: 6.939 Thread 0x0000024e9c3074e0 DEOPT UNPACKING pc=0x0000024ea4072b43 sp=0x000000ec084fc508 mode 0
Event: 7.809 Thread 0x0000024e9c3074e0 DEOPT PACKING pc=0x0000024ea5185ed6 sp=0x000000ec084fc870
Event: 7.809 Thread 0x0000024e9c3074e0 DEOPT UNPACKING pc=0x0000024ea4072b43 sp=0x000000ec084fbd60 mode 0
Event: 198.364 Thread 0x0000024e9c3074e0 DEOPT PACKING pc=0x0000024ea51899a8 sp=0x000000ec084fca20
Event: 198.364 Thread 0x0000024e9c3074e0 DEOPT UNPACKING pc=0x0000024ea4072b43 sp=0x000000ec084fbeb8 mode 0
Event: 281.405 Thread 0x0000024e9c3074e0 Uncommon trap: trap_request=0xffffff45 fr.pc=0x0000024eabbd02b4 relative=0x00000000000000b4
Event: 281.405 Thread 0x0000024e9c3074e0 Uncommon trap: reason=unstable_if action=reinterpret pc=0x0000024eabbd02b4 method=java.lang.String.charAt(I)C @ 4 c2
Event: 281.405 Thread 0x0000024e9c3074e0 DEOPT PACKING pc=0x0000024eabbd02b4 sp=0x000000ec084faa00
Event: 281.405 Thread 0x0000024e9c3074e0 DEOPT UNPACKING pc=0x0000024ea40723a3 sp=0x000000ec084fa9a0 mode 2

Classes loaded (20 events):
Event: 3.484 Loading class javax/naming/directory/BasicAttribute
Event: 3.484 Loading class javax/naming/directory/Attribute
Event: 3.484 Loading class javax/naming/directory/Attribute done
Event: 3.484 Loading class javax/naming/directory/BasicAttribute done
Event: 3.781 Loading class java/text/ParsePosition
Event: 3.781 Loading class java/text/ParsePosition done
Event: 3.781 Loading class java/text/CalendarBuilder
Event: 3.781 Loading class java/text/CalendarBuilder done
Event: 3.783 Loading class java/nio/channels/Channels$ReadableByteChannelImpl
Event: 3.784 Loading class java/nio/channels/Channels$ReadableByteChannelImpl done
Event: 3.784 Loading class java/nio/channels/spi/AbstractInterruptibleChannel$1
Event: 3.784 Loading class sun/nio/ch/Interruptible
Event: 3.784 Loading class sun/nio/ch/Interruptible done
Event: 3.784 Loading class java/nio/channels/spi/AbstractInterruptibleChannel$1 done
Event: 3.831 Loading class sun/security/provider/ByteArrayAccess$LE
Event: 3.831 Loading class sun/security/provider/ByteArrayAccess$LE done
Event: 3.834 Loading class jdk/internal/math/FDBigInteger
Event: 3.834 Loading class jdk/internal/math/FDBigInteger done
Event: 3.834 Loading class java/text/DigitList$1
Event: 3.835 Loading class java/text/DigitList$1 done

Classes unloaded (0 events):
No events

Classes redefined (0 events):
No events

Internal exceptions (20 events):
Event: 0.962 Thread 0x0000024e9c3074e0 Exception <a 'java/lang/NoSuchMethodError'{0x0000000718d53948}: 'void java.lang.invoke.DelegatingMethodHandle$Holder.delegate(java.lang.Object, java.lang.Object, int, java.lang.Object)'> (0x0000000718d53948) 
thrown [s\open\src\hotspot\share\interpreter\linkResolver.cpp, line 759]
Event: 0.962 Thread 0x0000024e9c3074e0 Exception <a 'java/lang/NoSuchMethodError'{0x0000000718d58200}: 'int java.lang.invoke.DirectMethodHandle$Holder.invokeSpecial(java.lang.Object, java.lang.Object, java.lang.Object)'> (0x0000000718d58200) 
thrown [s\open\src\hotspot\share\interpreter\linkResolver.cpp, line 759]
Event: 0.971 Thread 0x0000024ebfc32870 Exception <a 'java/lang/NoSuchMethodError'{0x0000000718a4e1e8}: 'java.lang.Object java.lang.invoke.Invokers$Holder.invokeExact_MT(java.lang.Object, java.lang.Object, java.lang.Object, java.lang.Object, java.lang.Object, java.lang.Object)'> (0x0000000718a4e1e8) 
thrown [s\open\src\hotspot\share\interpreter\linkResolver.cpp, line 759]
Event: 0.986 Thread 0x0000024e9c3074e0 Exception <a 'java/lang/NoSuchMethodError'{0x0000000718b8d128}: 'java.lang.Object java.lang.invoke.DirectMethodHandle$Holder.newInvokeSpecial(java.lang.Object, java.lang.Object, java.lang.Object, java.lang.Object, java.lang.Object, java.lang.Object, java.lang.Object)'> (0x0000000718b8d128) 
thrown [s\open\src\hotspot\share\interpreter\linkResolver.cpp, line 759]
Event: 0.992 Thread 0x0000024e9c3074e0 Exception <a 'java/lang/NoSuchMethodError'{0x0000000718bcb6c0}: 'java.lang.Object java.lang.invoke.DirectMethodHandle$Holder.newInvokeSpecial(java.lang.Object, java.lang.Object, java.lang.Object, java.lang.Object, java.lang.Object, java.lang.Object, java.lang.Object, java.lang.Object, java.lang.Object)'> (0x0000000718bcb6c0) 
thrown [s\open\src\hotspot\share\interpreter\linkResolver.cpp, line 759]
Event: 0.993 Thread 0x0000024e9c3074e0 Exception <a 'java/lang/NoSuchMethodError'{0x0000000718bd19d0}: 'java.lang.Object java.lang.invoke.DirectMethodHandle$Holder.invokeSpecial(java.lang.Object, java.lang.Object, java.lang.Object, java.lang.Object, java.lang.Object, java.lang.Object, java.lang.Object, java.lang.Object, java.lang.Object, java.lang.Object)'> (0x0000000718bd19d0) 
thrown [s\open\src\hotspot\share\interpreter\linkResolver.cpp, line 759]
Event: 1.006 Thread 0x0000024e9c3074e0 Exception <a 'java/lang/NoSuchMethodError'{0x0000000718877670}: 'java.lang.Object java.lang.invoke.DirectMethodHandle$Holder.newInvokeSpecial(java.lang.Object, java.lang.Object, java.lang.Object, java.lang.Object, java.lang.Object, java.lang.Object, java.lang.Object, java.lang.Object, java.lang.Object, java.lang.Object, java.lang.Object, java.lang.Object)'> (0x0000000718877670) 
thrown [s\open\src\hotspot\share\interpreter\linkResolver.cpp, line 759]
Event: 1.006 Thread 0x0000024e9c3074e0 Exception <a 'java/lang/NoSuchMethodError'{0x000000071887d7a0}: 'java.lang.Object java.lang.invoke.DirectMethodHandle$Holder.invokeSpecial(java.lang.Object, java.lang.Object, java.lang.Object, java.lang.Object, java.lang.Object, java.lang.Object, java.lang.Object, java.lang.Object, java.lang.Object, java.lang.Object, java.lang.Object, java.lang.Object, java.lang.Object)'> (0x000000071887d7a0) 
thrown [s\open\src\hotspot\share\interpreter\linkResolver.cpp, line 759]
Event: 1.088 Thread 0x0000024e9c3074e0 Implicit null exception at 0x0000024eabbf33d2 to 0x0000024eabbf38dc
Event: 1.088 Thread 0x0000024e9c3074e0 Implicit null exception at 0x0000024eabc088d2 to 0x0000024eabc08dd4
Event: 1.138 Thread 0x0000024e9c3074e0 Exception <a 'java/lang/NoSuchMethodError'{0x0000000718184950}: 'void java.lang.invoke.DirectMethodHandle$Holder.invokeVirtual(java.lang.Object, java.lang.Object, int)'> (0x0000000718184950) 
thrown [s\open\src\hotspot\share\interpreter\linkResolver.cpp, line 759]
Event: 1.139 Thread 0x0000024e9c3074e0 Exception <a 'java/lang/NoSuchMethodError'{0x0000000718188df0}: 'int java.lang.invoke.DirectMethodHandle$Holder.invokeSpecial(java.lang.Object, java.lang.Object, java.lang.Object, int)'> (0x0000000718188df0) 
thrown [s\open\src\hotspot\share\interpreter\linkResolver.cpp, line 759]
Event: 1.140 Thread 0x0000024e9c3074e0 Exception <a 'java/lang/NoSuchMethodError'{0x000000071819b790}: 'java.lang.Object java.lang.invoke.DirectMethodHandle$Holder.invokeStatic(java.lang.Object, java.lang.Object, java.lang.Object, java.lang.Object, int)'> (0x000000071819b790) 
thrown [s\open\src\hotspot\share\interpreter\linkResolver.cpp, line 759]
Event: 1.141 Thread 0x0000024e9c3074e0 Exception <a 'java/lang/NoSuchMethodError'{0x00000007181a7068}: 'void java.lang.invoke.DelegatingMethodHandle$Holder.reinvoke_L(java.lang.Object, java.lang.Object, int)'> (0x00000007181a7068) 
thrown [s\open\src\hotspot\share\interpreter\linkResolver.cpp, line 759]
Event: 2.048 Thread 0x0000024e9c3074e0 Implicit null exception at 0x0000024eabd678ed to 0x0000024eabd67ab0
Event: 2.048 Thread 0x0000024e9c3074e0 Implicit null exception at 0x0000024eabd654ed to 0x0000024eabd656b0
Event: 2.048 Thread 0x0000024e9c3074e0 Implicit null exception at 0x0000024eabbf308f to 0x0000024eabbf3109
Event: 2.194 Thread 0x0000024e9c3074e0 Exception <a 'sun/nio/fs/WindowsException'{0x00000007120f3558}> (0x00000007120f3558) 
thrown [s\open\src\hotspot\share\prims\jni.cpp, line 516]
Event: 2.206 Thread 0x0000024e9c3074e0 Exception <a 'java/lang/NoSuchMethodError'{0x00000007121159f8}: 'java.lang.Object java.lang.invoke.DirectMethodHandle$Holder.invokeStaticInit(java.lang.Object)'> (0x00000007121159f8) 
thrown [s\open\src\hotspot\share\interpreter\linkResolver.cpp, line 759]
Event: 281.405 Thread 0x0000024e9c3074e0 Exception <a 'java/io/IOException'{0x000000070d3f7fe0}> (0x000000070d3f7fe0) 
thrown [s\open\src\hotspot\share\prims\jni.cpp, line 516]

VM Operations (20 events):
Event: 7.203 Executing VM operation: Cleanup
Event: 7.203 Executing VM operation: Cleanup done
Event: 71.658 Executing VM operation: Cleanup
Event: 71.658 Executing VM operation: Cleanup done
Event: 79.691 Executing VM operation: Cleanup
Event: 79.691 Executing VM operation: Cleanup done
Event: 82.702 Executing VM operation: Cleanup
Event: 82.703 Executing VM operation: Cleanup done
Event: 84.713 Executing VM operation: Cleanup
Event: 84.713 Executing VM operation: Cleanup done
Event: 87.727 Executing VM operation: Cleanup
Event: 87.727 Executing VM operation: Cleanup done
Event: 128.901 Executing VM operation: Cleanup
Event: 128.901 Executing VM operation: Cleanup done
Event: 145.998 Executing VM operation: Cleanup
Event: 145.998 Executing VM operation: Cleanup done
Event: 171.150 Executing VM operation: Cleanup
Event: 171.150 Executing VM operation: Cleanup done
Event: 360.872 Executing VM operation: Cleanup
Event: 360.872 Executing VM operation: Cleanup done

Events (20 events):
Event: 2.786 Thread 0x0000024ec4f03a40 Thread exited: 0x0000024ec4f03a40
Event: 2.786 Thread 0x0000024ec49c9210 Thread exited: 0x0000024ec49c9210
Event: 2.789 Thread 0x0000024ec49ef450 Thread exited: 0x0000024ec49ef450
Event: 2.806 Thread 0x0000024ec49ef450 Thread added: 0x0000024ec49ef450
Event: 3.131 Thread 0x0000024ec49ef450 Thread exited: 0x0000024ec49ef450
Event: 3.181 Thread 0x0000024ec56174d0 Thread added: 0x0000024ec56174d0
Event: 3.480 Thread 0x0000024ec56174d0 Thread exited: 0x0000024ec56174d0
Event: 3.776 Thread 0x0000024ec44d4a10 Thread exited: 0x0000024ec44d4a10
Event: 3.832 Thread 0x0000024ec44d4a10 Thread added: 0x0000024ec44d4a10
Event: 3.832 Thread 0x0000024ec56174d0 Thread added: 0x0000024ec56174d0
Event: 6.151 Thread 0x0000024ec44d4450 Thread exited: 0x0000024ec44d4450
Event: 6.152 Thread 0x0000024ebfbf6ea0 Thread exited: 0x0000024ebfbf6ea0
Event: 6.938 Thread 0x0000024ec56174d0 Thread exited: 0x0000024ec56174d0
Event: 6.938 Thread 0x0000024ec44d4a10 Thread exited: 0x0000024ec44d4a10
Event: 168.272 Thread 0x0000024ec44d4a10 Thread added: 0x0000024ec44d4a10
Event: 168.272 Thread 0x0000024ec5fadf90 Thread added: 0x0000024ec5fadf90
Event: 168.272 Thread 0x0000024ec6216500 Thread added: 0x0000024ec6216500
Event: 170.167 Thread 0x0000024ec6216500 Thread exited: 0x0000024ec6216500
Event: 175.180 Thread 0x0000024ec5fadf90 Thread exited: 0x0000024ec5fadf90
Event: 180.181 Thread 0x0000024ec44d4a10 Thread exited: 0x0000024ec44d4a10


Dynamic libraries:
0x00007ff724f30000 - 0x00007ff724f40000 	C:\Program Files\Java\jdk-18.0.2.1\bin\java.exe
0x00007ffbe2240000 - 0x00007ffbe2449000 	C:\WINDOWS\SYSTEM32\ntdll.dll
0x00007ffbe14e0000 - 0x00007ffbe159e000 	C:\WINDOWS\System32\KERNEL32.DLL
0x00007ffbdfac0000 - 0x00007ffbdfe43000 	C:\WINDOWS\System32\KERNELBASE.dll
0x00007ffbdf880000 - 0x00007ffbdf991000 	C:\WINDOWS\System32\ucrtbase.dll
0x00007ffba26d0000 - 0x00007ffba26e8000 	C:\Program Files\Java\jdk-18.0.2.1\bin\jli.dll
0x00007ffba26b0000 - 0x00007ffba26ca000 	C:\Program Files\Java\jdk-18.0.2.1\bin\VCRUNTIME140.dll
0x00007ffbe18c0000 - 0x00007ffbe196e000 	C:\WINDOWS\System32\ADVAPI32.dll
0x00007ffbe16b0000 - 0x00007ffbe1753000 	C:\WINDOWS\System32\msvcrt.dll
0x00007ffbe1230000 - 0x00007ffbe12ce000 	C:\WINDOWS\System32\sechost.dll
0x00007ffbe1b90000 - 0x00007ffbe1cb1000 	C:\WINDOWS\System32\RPCRT4.dll
0x00007ffbe1080000 - 0x00007ffbe122d000 	C:\WINDOWS\System32\USER32.dll
0x00007ffbe0080000 - 0x00007ffbe00a6000 	C:\WINDOWS\System32\win32u.dll
0x00007ffbe1330000 - 0x00007ffbe1359000 	C:\WINDOWS\System32\GDI32.dll
0x00007ffbdf760000 - 0x00007ffbdf87a000 	C:\WINDOWS\System32\gdi32full.dll
0x00007ffbdfa20000 - 0x00007ffbdfabd000 	C:\WINDOWS\System32\msvcp_win.dll
0x00007ffbcb580000 - 0x00007ffbcb825000 	C:\WINDOWS\WinSxS\amd64_microsoft.windows.common-controls_6595b64144ccf1df_6.0.22000.120_none_9d947278b86cc467\COMCTL32.dll
0x00007ffbdef80000 - 0x00007ffbdef8a000 	C:\WINDOWS\SYSTEM32\VERSION.dll
0x00007ffbe1410000 - 0x00007ffbe1441000 	C:\WINDOWS\System32\IMM32.DLL
0x0000000075ef0000 - 0x0000000075efc000 	E:\360Safe\safemon\SafeWrapper.dll
0x00007ffbcd5b0000 - 0x00007ffbcd652000 	E:\360Safe\safemon\libzdtp64.dll
0x00007ffbe0260000 - 0x00007ffbe0a25000 	C:\WINDOWS\System32\SHELL32.dll
0x00007ffbe12d0000 - 0x00007ffbe132d000 	C:\WINDOWS\System32\SHLWAPI.dll
0x00007ffbace10000 - 0x00007ffbace1c000 	C:\Program Files\Java\jdk-18.0.2.1\bin\vcruntime140_1.dll
0x00007ffba2620000 - 0x00007ffba26ad000 	C:\Program Files\Java\jdk-18.0.2.1\bin\msvcp140.dll
0x00007ffba0b70000 - 0x00007ffba1781000 	C:\Program Files\Java\jdk-18.0.2.1\bin\server\jvm.dll
0x00007ffbe0250000 - 0x00007ffbe0258000 	C:\WINDOWS\System32\PSAPI.DLL
0x00007ffbdad90000 - 0x00007ffbdad99000 	C:\WINDOWS\SYSTEM32\WSOCK32.dll
0x00007ffbdadc0000 - 0x00007ffbdadf3000 	C:\WINDOWS\SYSTEM32\WINMM.dll
0x00007ffbe0ba0000 - 0x00007ffbe0c0f000 	C:\WINDOWS\System32\WS2_32.dll
0x00007ffbde700000 - 0x00007ffbde718000 	C:\WINDOWS\SYSTEM32\kernel.appcore.dll
0x00007ffba2610000 - 0x00007ffba261a000 	C:\Program Files\Java\jdk-18.0.2.1\bin\jimage.dll
0x00007ffbd9a40000 - 0x00007ffbd9c61000 	C:\WINDOWS\SYSTEM32\DBGHELP.DLL
0x00007ffbd7a20000 - 0x00007ffbd7a51000 	C:\WINDOWS\SYSTEM32\dbgcore.DLL
0x00007ffbdf9a0000 - 0x00007ffbdfa1f000 	C:\WINDOWS\System32\bcryptPrimitives.dll
0x00007ffbd7fb0000 - 0x00007ffbd7fbe000 	C:\Program Files\Java\jdk-18.0.2.1\bin\instrument.dll
0x00007ffba25e0000 - 0x00007ffba2605000 	C:\Program Files\Java\jdk-18.0.2.1\bin\java.dll
0x00007ffba2500000 - 0x00007ffba25d6000 	C:\Program Files\Java\jdk-18.0.2.1\bin\jsvml.dll
0x00007ffbdd760000 - 0x00007ffbddfc4000 	C:\WINDOWS\SYSTEM32\windows.storage.dll
0x00007ffbe1d50000 - 0x00007ffbe20c6000 	C:\WINDOWS\System32\combase.dll
0x00007ffbdd5f0000 - 0x00007ffbdd757000 	C:\WINDOWS\SYSTEM32\wintypes.dll
0x00007ffbe0a30000 - 0x00007ffbe0b1a000 	C:\WINDOWS\System32\SHCORE.dll
0x00007ffbdf620000 - 0x00007ffbdf641000 	C:\WINDOWS\SYSTEM32\profapi.dll
0x00007ffba24a0000 - 0x00007ffba24b8000 	C:\Program Files\Java\jdk-18.0.2.1\bin\zip.dll
0x00007ffba24e0000 - 0x00007ffba24f3000 	C:\Program Files\Java\jdk-18.0.2.1\bin\net.dll
0x00007ffbdb8e0000 - 0x00007ffbdb9f2000 	C:\WINDOWS\SYSTEM32\WINHTTP.dll
0x00007ffbdeba0000 - 0x00007ffbdec07000 	C:\WINDOWS\system32\mswsock.dll
0x00007ffba24c0000 - 0x00007ffba24d6000 	C:\Program Files\Java\jdk-18.0.2.1\bin\nio.dll
0x00007ffba6070000 - 0x00007ffba608a000 	F:\idealIU-2023.1\IntelliJ IDEA 2023.1\bin\breakgen64.dll
0x00007ffba2450000 - 0x00007ffba2460000 	C:\Program Files\Java\jdk-18.0.2.1\bin\verify.dll
0x00007ffbdedf0000 - 0x00007ffbdee08000 	C:\WINDOWS\SYSTEM32\CRYPTSP.dll
0x00007ffbde660000 - 0x00007ffbde695000 	C:\WINDOWS\system32\rsaenh.dll
0x00007ffbdeca0000 - 0x00007ffbdecc9000 	C:\WINDOWS\SYSTEM32\USERENV.dll
0x00007ffbdef90000 - 0x00007ffbdefb7000 	C:\WINDOWS\SYSTEM32\bcrypt.dll
0x00007ffbdee10000 - 0x00007ffbdee1c000 	C:\WINDOWS\SYSTEM32\CRYPTBASE.dll
0x00007ffbde220000 - 0x00007ffbde24d000 	C:\WINDOWS\SYSTEM32\IPHLPAPI.DLL
0x00007ffbe0b20000 - 0x00007ffbe0b29000 	C:\WINDOWS\System32\NSI.dll
0x00007ffbdada0000 - 0x00007ffbdadb9000 	C:\WINDOWS\SYSTEM32\dhcpcsvc6.DLL
0x00007ffbdb220000 - 0x00007ffbdb23e000 	C:\WINDOWS\SYSTEM32\dhcpcsvc.DLL
0x00007ffbde250000 - 0x00007ffbde338000 	C:\WINDOWS\SYSTEM32\DNSAPI.dll
0x00007ffbd7840000 - 0x00007ffbd784a000 	C:\Users\ASUS\AppData\Local\Temp\jansi-1.17.1-16561377344390388057.dll
0x00007ffbd7ca0000 - 0x00007ffbd7cd3000 	C:\Program Files (x86)\Sangfor\SSL\ClientComponent\SangforNspX64.dll
0x00007ffbe00b0000 - 0x00007ffbe024a000 	C:\WINDOWS\System32\ole32.dll
0x00007ffbe1760000 - 0x00007ffbe1836000 	C:\WINDOWS\System32\OLEAUT32.dll
0x00007ffbd9d60000 - 0x00007ffbd9d6a000 	C:\Windows\System32\rasadhlp.dll
0x00007ffbd9ef0000 - 0x00007ffbd9f71000 	C:\WINDOWS\System32\fwpuclnt.dll
0x00007ffbc9230000 - 0x00007ffbc923e000 	C:\Program Files\Java\jdk-18.0.2.1\bin\sunmscapi.dll
0x00007ffbdff10000 - 0x00007ffbe0072000 	C:\WINDOWS\System32\CRYPT32.dll
0x00007ffbdef40000 - 0x00007ffbdef6a000 	C:\WINDOWS\SYSTEM32\ncrypt.dll
0x00007ffbdef00000 - 0x00007ffbdef37000 	C:\WINDOWS\SYSTEM32\NTASN1.dll

dbghelp: loaded successfully - version: 4.0.5 - missing functions: none
symbol engine: initialized successfully - sym options: 0x614 - pdb path: .;C:\Program Files\Java\jdk-18.0.2.1\bin;C:\WINDOWS\SYSTEM32;C:\WINDOWS\WinSxS\amd64_microsoft.windows.common-controls_6595b64144ccf1df_6.0.22000.120_none_9d947278b86cc467;E:\360Safe\safemon;C:\Program Files\Java\jdk-18.0.2.1\bin\server;F:\idealIU-2023.1\IntelliJ IDEA 2023.1\bin;C:\Users\ASUS\AppData\Local\Temp;C:\Program Files (x86)\Sangfor\SSL\ClientComponent

VM Arguments:
jvm_args: -Dmaven.multiModuleProjectDirectory=F:\springboot-vue-demo-master\springboot-vue-demo-master\springboot -Djansi.passthrough=true -Dmaven.home=F:\idealIU-2023.1\IntelliJ IDEA 2023.1\plugins\maven\lib\maven3 -Dclassworlds.conf=F:\idealIU-2023.1\IntelliJ IDEA 2023.1\plugins\maven\lib\maven3\bin\m2.conf -Dmaven.ext.class.path=F:\idealIU-2023.1\IntelliJ IDEA 2023.1\plugins\maven\lib\maven-event-listener.jar -javaagent:F:\idealIU-2023.1\IntelliJ IDEA 2023.1\lib\idea_rt.jar=51589:F:\idealIU-2023.1\IntelliJ IDEA 2023.1\bin -Dfile.encoding=UTF-8 -Dsun.stdout.encoding=UTF-8 -Dsun.stderr.encoding=UTF-8 
java_command: org.codehaus.classworlds.Launcher -Didea.version=2023.1 install
java_class_path (initial): F:\idealIU-2023.1\IntelliJ IDEA 2023.1\plugins\maven\lib\maven3\boot\plexus-classworlds-2.6.0.jar;F:\idealIU-2023.1\IntelliJ IDEA 2023.1\plugins\maven\lib\maven3\boot\plexus-classworlds.license
Launcher Type: SUN_STANDARD

[Global flags]
     intx CICompilerCount                          = 12                                        {product} {ergonomic}
     uint ConcGCThreads                            = 3                                         {product} {ergonomic}
     uint G1ConcRefinementThreads                  = 13                                        {product} {ergonomic}
   size_t G1HeapRegionSize                         = 2097152                                   {product} {ergonomic}
    uintx GCDrainStackTargetSize                   = 64                                        {product} {ergonomic}
   size_t InitialHeapSize                          = 260046848                                 {product} {ergonomic}
   size_t MarkStackSize                            = 4194304                                   {product} {ergonomic}
   size_t MaxHeapSize                              = 4135583744                                {product} {ergonomic}
   size_t MaxNewSize                               = 2480930816                                {product} {ergonomic}
   size_t MinHeapDeltaBytes                        = 2097152                                   {product} {ergonomic}
   size_t MinHeapSize                              = 8388608                                   {product} {ergonomic}
    uintx NonNMethodCodeHeapSize                   = 7602480                                {pd product} {ergonomic}
    uintx NonProfiledCodeHeapSize                  = 122027880                              {pd product} {ergonomic}
    uintx ProfiledCodeHeapSize                     = 122027880                              {pd product} {ergonomic}
    uintx ReservedCodeCacheSize                    = 251658240                              {pd product} {ergonomic}
     bool SegmentedCodeCache                       = true                                      {product} {ergonomic}
   size_t SoftMaxHeapSize                          = 4135583744                             {manageable} {ergonomic}
     bool UseCompressedClassPointers               = true                           {product lp64_product} {ergonomic}
     bool UseCompressedOops                        = true                           {product lp64_product} {ergonomic}
     bool UseG1GC                                  = true                                      {product} {ergonomic}
     bool UseLargePagesIndividualAllocation        = false                                  {pd product} {ergonomic}

Logging:
Log output configuration:
 #0: stdout all=warning uptime,level,tags foldmultilines=false
 #1: stderr all=off uptime,level,tags foldmultilines=false

Environment Variables:
JAVA_HOME=C:\Program Files\Java\jdk-18.0.2.1
PATH=C:\Python27;C:\Python311\Scripts\;C:\Python311\;C:\Program Files (x86)\Common Files\Oracle\Java\javapath;C:\Program Files\Common Files\Oracle\Java\javapath;C:\ProgramData\Anaconda3;C:\ProgramData\Anaconda3\Library\mingw-w64\bin;C:\ProgramData\Anaconda3\Library\usr\bin;C:\ProgramData\Anaconda3\Library\bin;C:\ProgramData\Anaconda3\Scripts;C:\Windows\system32;C:\Windows;C:\Windows\System32\Wbem;C:\Windows\System32\WindowsPowerShell\v1.0\;C:\Windows\System32\OpenSSH\;C:\Program Files (x86)\NVIDIA Corporation\PhysX\Common;C:\Program Files\NVIDIA Corporation\NVIDIA NvDLISR;C:\Program Files (x86)\Windows Kits\8.1\Windows Performance Toolkit\;C:\WINDOWS\system32;C:\WINDOWS;C:\WINDOWS\System32\Wbem;C:\WINDOWS\System32\WindowsPowerShell\v1.0\;C:\WINDOWS\System32\OpenSSH\;C:\Program Files\dotnet\;F:\idealIU-2023.1\apache-maven-3.8.8\bin;C:\Program Files\Java\jre1.8.0_241\lib\rt.jar\bin;C:\ProgramData\chocolatey\bin;C:\Program Files\nodejs\;C:\Users\ASUS\AppData\Local\Programs\Python\Python310\Scripts\;C:\Users\ASUS\AppData\Local\Programs\Python\Python310\;C:\Users\ASUS\AppData\Local\Microsoft\WindowsApps;F:\Microsoft VS Code\bin;F:\idealIU-2023.1\IntelliJ IDEA 2023.1\bin;;F:\idealIU-2023.1\apache-maven-3.8.8-bin\apache-maven-3.8.8\bin;C:\Program Files\Java\jdk-18.0.2.1\bin;C:\Program Files\nodejs\node_global;C:\Users\ASUS\AppData\Roaming\npm
USERNAME=ASUS
OS=Windows_NT
PROCESSOR_IDENTIFIER=AMD64 Family 25 Model 80 Stepping 0, AuthenticAMD



---------------  S Y S T E M  ---------------

OS:
 Windows 11 , 64 bit Build 22000 (10.0.22000.1761)
OS uptime: 0 days 0:24 hours

CPU: total 16 (initial active 16) (16 cores per cpu, 2 threads per core) family 25 model 80 stepping 0 microcode 0x0, cx8, cmov, fxsr, ht, mmx, 3dnowpref, sse, sse2, sse3, ssse3, sse4a, sse4.1, sse4.2, popcnt, lzcnt, tsc, tscinvbit, avx, avx2, aes, erms, clmul, bmi1, bmi2, adx, sha, fma, vzeroupper, clflush, clflushopt

Memory: 4k page, system-wide physical 15773M (8879M free)
TotalPageFile size 20490M (AvailPageFile size 5331M)
current process WorkingSet (physical memory assigned to process): 25M, peak: 252M
current process commit charge ("private bytes"): 214M, peak: 411M

vm_info: Java HotSpot(TM) 64-Bit Server VM (18.0.2.1+1-1) for windows-amd64 JRE (18.0.2.1+1-1), built on Aug 16 2022 01:46:33 by "mach5one" with MS VC++ 16.8 / 16.9 (VS2019)

END.
